<?xml version="1.0" encoding="UTF-8"?>
<!-- Generated by org.testng.reporters.JUnitReportReporter -->
<testsuite skipped="0" hostname="DESKTOP-5M7UOSH" name="Academy.HomePage" tests="2" failures="0" timestamp="19 Sep 2021 08:43:30 GMT" time="13.684" errors="0">
  <testcase name="basePageNavigation" time="3.992" classname="Academy.HomePage"/>
  <testcase name="basePageNavigation" time="9.692" classname="Academy.HomePage"/>
</testsuite> <!-- Academy.HomePage -->
